{"C:\\Users\\Laíza\\camera-management-system\\frontend\\src\\App.js": {"path":"C:\\Users\\Laíza\\camera-management-system\\frontend\\src\\App.js","statementMap":{"0":{"start":{"line":10,"column":2},"end":{"line":20,"column":4}}},"fnMap":{"0":{"name":"App","decl":{"start":{"line":9,"column":9},"end":{"line":9,"column":12}},"loc":{"start":{"line":9,"column":15},"end":{"line":21,"column":1}},"line":9}},"branchMap":{},"s":{"0":1},"f":{"0":1},"b":{},"_coverageSchema":"1a1c01bbd47fc00a2c39e90264f33305004495a9","hash":"6090b07d0aa4462076ba4f7b4d3c37d029e07f88"}
,"C:\\Users\\Laíza\\camera-management-system\\frontend\\src\\index.js": {"path":"C:\\Users\\Laíza\\camera-management-system\\frontend\\src\\index.js","statementMap":{"0":{"start":{"line":6,"column":13},"end":{"line":6,"column":65}},"1":{"start":{"line":8,"column":0},"end":{"line":12,"column":2}}},"fnMap":{},"branchMap":{},"s":{"0":0,"1":0},"f":{},"b":{}}
,"C:\\Users\\Laíza\\camera-management-system\\frontend\\src\\reportWebVitals.js": {"path":"C:\\Users\\Laíza\\camera-management-system\\frontend\\src\\reportWebVitals.js","statementMap":{"0":{"start":{"line":1,"column":24},"end":{"line":11,"column":1}},"1":{"start":{"line":2,"column":2},"end":{"line":10,"column":3}},"2":{"start":{"line":3,"column":4},"end":{"line":9,"column":7}},"3":{"start":{"line":4,"column":6},"end":{"line":4,"column":26}},"4":{"start":{"line":5,"column":6},"end":{"line":5,"column":26}},"5":{"start":{"line":6,"column":6},"end":{"line":6,"column":26}},"6":{"start":{"line":7,"column":6},"end":{"line":7,"column":26}},"7":{"start":{"line":8,"column":6},"end":{"line":8,"column":27}}},"fnMap":{"0":{"name":"(anonymous_0)","decl":{"start":{"line":1,"column":24},"end":{"line":1,"column":25}},"loc":{"start":{"line":1,"column":39},"end":{"line":11,"column":1}},"line":1},"1":{"name":"(anonymous_1)","decl":{"start":{"line":3,"column":30},"end":{"line":3,"column":31}},"loc":{"start":{"line":3,"column":79},"end":{"line":9,"column":5}},"line":3}},"branchMap":{"0":{"loc":{"start":{"line":2,"column":2},"end":{"line":10,"column":3}},"type":"if","locations":[{"start":{"line":2,"column":2},"end":{"line":10,"column":3}},{"start":{},"end":{}}],"line":2},"1":{"loc":{"start":{"line":2,"column":6},"end":{"line":2,"column":52}},"type":"binary-expr","locations":[{"start":{"line":2,"column":6},"end":{"line":2,"column":17}},{"start":{"line":2,"column":21},"end":{"line":2,"column":52}}],"line":2}},"s":{"0":0,"1":0,"2":0,"3":0,"4":0,"5":0,"6":0,"7":0},"f":{"0":0,"1":0},"b":{"0":[0,0],"1":[0,0]}}
,"C:\\Users\\Laíza\\camera-management-system\\frontend\\src\\pages\\CamerasPage.js": {"path":"C:\\Users\\Laíza\\camera-management-system\\frontend\\src\\pages\\CamerasPage.js","statementMap":{"0":{"start":{"line":6,"column":20},"end":{"line":171,"column":1}},"1":{"start":{"line":7,"column":32},"end":{"line":7,"column":44}},"2":{"start":{"line":8,"column":42},"end":{"line":8,"column":57}},"3":{"start":{"line":9,"column":38},"end":{"line":9,"column":53}},"4":{"start":{"line":10,"column":52},"end":{"line":10,"column":66}},"5":{"start":{"line":11,"column":26},"end":{"line":11,"column":38}},"6":{"start":{"line":12,"column":40},"end":{"line":12,"column":52}},"7":{"start":{"line":13,"column":30},"end":{"line":13,"column":50}},"8":{"start":{"line":14,"column":19},"end":{"line":14,"column":32}},"9":{"start":{"line":16,"column":26},"end":{"line":22,"column":3}},"10":{"start":{"line":17,"column":4},"end":{"line":21,"column":5}},"11":{"start":{"line":18,"column":23},"end":{"line":18,"column":76}},"12":{"start":{"line":19,"column":6},"end":{"line":19,"column":40}},"13":{"start":{"line":20,"column":6},"end":{"line":20,"column":54}},"14":{"start":{"line":24,"column":2},"end":{"line":26,"column":9}},"15":{"start":{"line":25,"column":4},"end":{"line":25,"column":22}},"16":{"start":{"line":28,"column":30},"end":{"line":34,"column":3}},"17":{"start":{"line":29,"column":4},"end":{"line":29,"column":25}},"18":{"start":{"line":30,"column":4},"end":{"line":30,"column":16}},"19":{"start":{"line":31,"column":4},"end":{"line":31,"column":23}},"20":{"start":{"line":32,"column":4},"end":{"line":32,"column":26}},"21":{"start":{"line":33,"column":4},"end":{"line":33,"column":26}},"22":{"start":{"line":36,"column":27},"end":{"line":43,"column":3}},"23":{"start":{"line":37,"column":4},"end":{"line":37,"column":24}},"24":{"start":{"line":38,"column":4},"end":{"line":38,"column":33}},"25":{"start":{"line":39,"column":4},"end":{"line":39,"column":25}},"26":{"start":{"line":40,"column":4},"end":{"line":40,"column":39}},"27":{"start":{"line":41,"column":4},"end":{"line":41,"column":43}},"28":{"start":{"line":42,"column":4},"end":{"line":42,"column":26}},"29":{"start":{"line":45,"column":23},"end":{"line":83,"column":3}},"30":{"start":{"line":46,"column":4},"end":{"line":82,"column":5}},"31":{"start":{"line":47,"column":25},"end":{"line":47,"column":56}},"32":{"start":{"line":49,"column":6},"end":{"line":53,"column":7}},"33":{"start":{"line":50,"column":8},"end":{"line":50,"column":64}},"34":{"start":{"line":51,"column":8},"end":{"line":51,"column":22}},"35":{"start":{"line":52,"column":8},"end":{"line":52,"column":15}},"36":{"start":{"line":55,"column":22},"end":{"line":60,"column":7}},"37":{"start":{"line":62,"column":6},"end":{"line":72,"column":7}},"38":{"start":{"line":63,"column":8},"end":{"line":66,"column":10}},"39":{"start":{"line":68,"column":8},"end":{"line":71,"column":10}},"40":{"start":{"line":74,"column":6},"end":{"line":74,"column":29}},"41":{"start":{"line":75,"column":6},"end":{"line":75,"column":18}},"42":{"start":{"line":76,"column":6},"end":{"line":76,"column":25}},"43":{"start":{"line":77,"column":6},"end":{"line":77,"column":28}},"44":{"start":{"line":78,"column":6},"end":{"line":78,"column":33}},"45":{"start":{"line":79,"column":6},"end":{"line":79,"column":24}},"46":{"start":{"line":81,"column":6},"end":{"line":81,"column":53}},"47":{"start":{"line":85,"column":24},"end":{"line":98,"column":3}},"48":{"start":{"line":86,"column":21},"end":{"line":86,"column":52}},"49":{"start":{"line":87,"column":4},"end":{"line":97,"column":5}},"50":{"start":{"line":88,"column":6},"end":{"line":96,"column":7}},"51":{"start":{"line":89,"column":8},"end":{"line":92,"column":11}},"52":{"start":{"line":93,"column":8},"end":{"line":93,"column":26}},"53":{"start":{"line":95,"column":8},"end":{"line":95,"column":56}},"54":{"start":{"line":100,"column":2},"end":{"line":170,"column":4}},"55":{"start":{"line":103,"column":55},"end":{"line":103,"column":72}},"56":{"start":{"line":115,"column":31},"end":{"line":115,"column":54}},"57":{"start":{"line":121,"column":31},"end":{"line":121,"column":61}},"58":{"start":{"line":123,"column":52},"end":{"line":123,"column":77}},"59":{"start":{"line":130,"column":37},"end":{"line":130,"column":59}},"60":{"start":{"line":155,"column":12},"end":{"line":165,"column":17}},"61":{"start":{"line":162,"column":68},"end":{"line":162,"column":92}},"62":{"start":{"line":163,"column":70},"end":{"line":163,"column":94}}},"fnMap":{"0":{"name":"(anonymous_0)","decl":{"start":{"line":6,"column":20},"end":{"line":6,"column":21}},"loc":{"start":{"line":6,"column":26},"end":{"line":171,"column":1}},"line":6},"1":{"name":"(anonymous_1)","decl":{"start":{"line":16,"column":26},"end":{"line":16,"column":27}},"loc":{"start":{"line":16,"column":38},"end":{"line":22,"column":3}},"line":16},"2":{"name":"(anonymous_2)","decl":{"start":{"line":24,"column":12},"end":{"line":24,"column":13}},"loc":{"start":{"line":24,"column":18},"end":{"line":26,"column":3}},"line":24},"3":{"name":"(anonymous_3)","decl":{"start":{"line":28,"column":30},"end":{"line":28,"column":31}},"loc":{"start":{"line":28,"column":36},"end":{"line":34,"column":3}},"line":28},"4":{"name":"(anonymous_4)","decl":{"start":{"line":36,"column":27},"end":{"line":36,"column":28}},"loc":{"start":{"line":36,"column":39},"end":{"line":43,"column":3}},"line":36},"5":{"name":"(anonymous_5)","decl":{"start":{"line":45,"column":23},"end":{"line":45,"column":24}},"loc":{"start":{"line":45,"column":35},"end":{"line":83,"column":3}},"line":45},"6":{"name":"(anonymous_6)","decl":{"start":{"line":85,"column":24},"end":{"line":85,"column":25}},"loc":{"start":{"line":85,"column":38},"end":{"line":98,"column":3}},"line":85},"7":{"name":"(anonymous_7)","decl":{"start":{"line":103,"column":49},"end":{"line":103,"column":50}},"loc":{"start":{"line":103,"column":55},"end":{"line":103,"column":72}},"line":103},"8":{"name":"(anonymous_8)","decl":{"start":{"line":115,"column":24},"end":{"line":115,"column":25}},"loc":{"start":{"line":115,"column":31},"end":{"line":115,"column":54}},"line":115},"9":{"name":"(anonymous_9)","decl":{"start":{"line":121,"column":24},"end":{"line":121,"column":25}},"loc":{"start":{"line":121,"column":31},"end":{"line":121,"column":61}},"line":121},"10":{"name":"(anonymous_10)","decl":{"start":{"line":123,"column":45},"end":{"line":123,"column":46}},"loc":{"start":{"line":123,"column":52},"end":{"line":123,"column":77}},"line":123},"11":{"name":"(anonymous_11)","decl":{"start":{"line":130,"column":31},"end":{"line":130,"column":32}},"loc":{"start":{"line":130,"column":37},"end":{"line":130,"column":59}},"line":130},"12":{"name":"(anonymous_12)","decl":{"start":{"line":154,"column":23},"end":{"line":154,"column":24}},"loc":{"start":{"line":155,"column":12},"end":{"line":165,"column":17}},"line":155},"13":{"name":"(anonymous_13)","decl":{"start":{"line":162,"column":62},"end":{"line":162,"column":63}},"loc":{"start":{"line":162,"column":68},"end":{"line":162,"column":92}},"line":162},"14":{"name":"(anonymous_14)","decl":{"start":{"line":163,"column":64},"end":{"line":163,"column":65}},"loc":{"start":{"line":163,"column":70},"end":{"line":163,"column":94}},"line":163}},"branchMap":{"0":{"loc":{"start":{"line":41,"column":14},"end":{"line":41,"column":41}},"type":"binary-expr","locations":[{"start":{"line":41,"column":14},"end":{"line":41,"column":27}},{"start":{"line":41,"column":31},"end":{"line":41,"column":41}}],"line":41},"1":{"loc":{"start":{"line":49,"column":6},"end":{"line":53,"column":7}},"type":"if","locations":[{"start":{"line":49,"column":6},"end":{"line":53,"column":7}},{"start":{},"end":{}}],"line":49},"2":{"loc":{"start":{"line":49,"column":10},"end":{"line":49,"column":51}},"type":"binary-expr","locations":[{"start":{"line":49,"column":10},"end":{"line":49,"column":21}},{"start":{"line":49,"column":25},"end":{"line":49,"column":51}}],"line":49},"3":{"loc":{"start":{"line":62,"column":6},"end":{"line":72,"column":7}},"type":"if","locations":[{"start":{"line":62,"column":6},"end":{"line":72,"column":7}},{"start":{"line":67,"column":13},"end":{"line":72,"column":7}}],"line":62},"4":{"loc":{"start":{"line":62,"column":10},"end":{"line":62,"column":41}},"type":"binary-expr","locations":[{"start":{"line":62,"column":10},"end":{"line":62,"column":20}},{"start":{"line":62,"column":24},"end":{"line":62,"column":41}}],"line":62},"5":{"loc":{"start":{"line":87,"column":4},"end":{"line":97,"column":5}},"type":"if","locations":[{"start":{"line":87,"column":4},"end":{"line":97,"column":5}},{"start":{},"end":{}}],"line":87},"6":{"loc":{"start":{"line":107,"column":7},"end":{"line":134,"column":7}},"type":"binary-expr","locations":[{"start":{"line":107,"column":7},"end":{"line":107,"column":19}},{"start":{"line":108,"column":8},"end":{"line":133,"column":14}}],"line":107},"7":{"loc":{"start":{"line":110,"column":17},"end":{"line":110,"column":61}},"type":"cond-expr","locations":[{"start":{"line":110,"column":30},"end":{"line":110,"column":45}},{"start":{"line":110,"column":48},"end":{"line":110,"column":61}}],"line":110},"8":{"loc":{"start":{"line":160,"column":19},"end":{"line":160,"column":43}},"type":"binary-expr","locations":[{"start":{"line":160,"column":19},"end":{"line":160,"column":36}},{"start":{"line":160,"column":40},"end":{"line":160,"column":43}}],"line":160}},"s":{"0":2,"1":4,"2":3,"3":3,"4":3,"5":3,"6":3,"7":3,"8":3,"9":3,"10":2,"11":2,"12":2,"13":0,"14":3,"15":2,"16":3,"17":0,"18":0,"19":0,"20":0,"21":0,"22":3,"23":0,"24":0,"25":0,"26":0,"27":0,"28":0,"29":3,"30":0,"31":0,"32":0,"33":0,"34":0,"35":0,"36":0,"37":0,"38":0,"39":0,"40":0,"41":0,"42":0,"43":0,"44":0,"45":0,"46":0,"47":3,"48":0,"49":0,"50":0,"51":0,"52":0,"53":0,"54":3,"55":0,"56":0,"57":0,"58":0,"59":0,"60":2,"61":0,"62":0},"f":{"0":4,"1":2,"2":2,"3":0,"4":0,"5":0,"6":0,"7":0,"8":0,"9":0,"10":0,"11":0,"12":2,"13":0,"14":0},"b":{"0":[0,0],"1":[0,0],"2":[0,0],"3":[0,0],"4":[0,0],"5":[0,0],"6":[3,0],"7":[0,0],"8":[2,2]},"_coverageSchema":"1a1c01bbd47fc00a2c39e90264f33305004495a9","hash":"2fd085ad99a37b91d1fb8f2e5873a027a52ca982"}
,"C:\\Users\\Laíza\\camera-management-system\\frontend\\src\\pages\\HomePage.js": {"path":"C:\\Users\\Laíza\\camera-management-system\\frontend\\src\\pages\\HomePage.js","statementMap":{"0":{"start":{"line":7,"column":19},"end":{"line":7,"column":32}},"1":{"start":{"line":9,"column":2},"end":{"line":20,"column":4}},"2":{"start":{"line":15,"column":31},"end":{"line":15,"column":51}},"3":{"start":{"line":16,"column":31},"end":{"line":16,"column":52}},"4":{"start":{"line":17,"column":31},"end":{"line":17,"column":48}}},"fnMap":{"0":{"name":"HomePage","decl":{"start":{"line":6,"column":9},"end":{"line":6,"column":17}},"loc":{"start":{"line":6,"column":20},"end":{"line":21,"column":1}},"line":6},"1":{"name":"(anonymous_1)","decl":{"start":{"line":15,"column":25},"end":{"line":15,"column":26}},"loc":{"start":{"line":15,"column":31},"end":{"line":15,"column":51}},"line":15},"2":{"name":"(anonymous_2)","decl":{"start":{"line":16,"column":25},"end":{"line":16,"column":26}},"loc":{"start":{"line":16,"column":31},"end":{"line":16,"column":52}},"line":16},"3":{"name":"(anonymous_3)","decl":{"start":{"line":17,"column":25},"end":{"line":17,"column":26}},"loc":{"start":{"line":17,"column":31},"end":{"line":17,"column":48}},"line":17}},"branchMap":{},"s":{"0":0,"1":0,"2":0,"3":0,"4":0},"f":{"0":0,"1":0,"2":0,"3":0},"b":{},"_coverageSchema":"1a1c01bbd47fc00a2c39e90264f33305004495a9","hash":"363b76f25d359f035b546e7c861a2cf285e5b8d0"}
,"C:\\Users\\Laíza\\camera-management-system\\frontend\\src\\pages\\LoginPage.js": {"path":"C:\\Users\\Laíza\\camera-management-system\\frontend\\src\\pages\\LoginPage.js","statementMap":{"0":{"start":{"line":8,"column":28},"end":{"line":8,"column":40}},"1":{"start":{"line":9,"column":28},"end":{"line":9,"column":40}},"2":{"start":{"line":10,"column":26},"end":{"line":10,"column":38}},"3":{"start":{"line":11,"column":19},"end":{"line":11,"column":32}},"4":{"start":{"line":13,"column":22},"end":{"line":31,"column":3}},"5":{"start":{"line":14,"column":4},"end":{"line":14,"column":23}},"6":{"start":{"line":15,"column":4},"end":{"line":30,"column":5}},"7":{"start":{"line":16,"column":18},"end":{"line":19,"column":8}},"8":{"start":{"line":21,"column":6},"end":{"line":21,"column":51}},"9":{"start":{"line":22,"column":6},"end":{"line":22,"column":58}},"10":{"start":{"line":23,"column":6},"end":{"line":23,"column":60}},"11":{"start":{"line":24,"column":6},"end":{"line":24,"column":62}},"12":{"start":{"line":26,"column":6},"end":{"line":26,"column":24}},"13":{"start":{"line":28,"column":6},"end":{"line":28,"column":73}},"14":{"start":{"line":29,"column":6},"end":{"line":29,"column":50}},"15":{"start":{"line":33,"column":2},"end":{"line":57,"column":4}},"16":{"start":{"line":43,"column":27},"end":{"line":43,"column":51}},"17":{"start":{"line":50,"column":27},"end":{"line":50,"column":51}}},"fnMap":{"0":{"name":"LoginPage","decl":{"start":{"line":7,"column":9},"end":{"line":7,"column":18}},"loc":{"start":{"line":7,"column":21},"end":{"line":58,"column":1}},"line":7},"1":{"name":"(anonymous_1)","decl":{"start":{"line":13,"column":22},"end":{"line":13,"column":23}},"loc":{"start":{"line":13,"column":35},"end":{"line":31,"column":3}},"line":13},"2":{"name":"(anonymous_2)","decl":{"start":{"line":43,"column":20},"end":{"line":43,"column":21}},"loc":{"start":{"line":43,"column":27},"end":{"line":43,"column":51}},"line":43},"3":{"name":"(anonymous_3)","decl":{"start":{"line":50,"column":20},"end":{"line":50,"column":21}},"loc":{"start":{"line":50,"column":27},"end":{"line":50,"column":51}},"line":50}},"branchMap":{"0":{"loc":{"start":{"line":28,"column":38},"end":{"line":28,"column":71}},"type":"binary-expr","locations":[{"start":{"line":28,"column":38},"end":{"line":28,"column":56}},{"start":{"line":28,"column":60},"end":{"line":28,"column":71}}],"line":28},"1":{"loc":{"start":{"line":37,"column":9},"end":{"line":37,"column":55}},"type":"binary-expr","locations":[{"start":{"line":37,"column":9},"end":{"line":37,"column":13}},{"start":{"line":37,"column":17},"end":{"line":37,"column":55}}],"line":37}},"s":{"0":2,"1":2,"2":2,"3":2,"4":2,"5":0,"6":0,"7":0,"8":0,"9":0,"10":0,"11":0,"12":0,"13":0,"14":0,"15":2,"16":0,"17":0},"f":{"0":2,"1":0,"2":0,"3":0},"b":{"0":[0,0],"1":[2,0]},"_coverageSchema":"1a1c01bbd47fc00a2c39e90264f33305004495a9","hash":"e1b53e4f25d2636e04bcb040c0361046b582477c"}
,"C:\\Users\\Laíza\\camera-management-system\\frontend\\src\\pages\\LogsPage.js": {"path":"C:\\Users\\Laíza\\camera-management-system\\frontend\\src\\pages\\LogsPage.js","statementMap":{"0":{"start":{"line":7,"column":26},"end":{"line":7,"column":38}},"1":{"start":{"line":8,"column":19},"end":{"line":8,"column":32}},"2":{"start":{"line":10,"column":2},"end":{"line":20,"column":9}},"3":{"start":{"line":11,"column":25},"end":{"line":18,"column":5}},"4":{"start":{"line":12,"column":6},"end":{"line":17,"column":7}},"5":{"start":{"line":13,"column":20},"end":{"line":13,"column":70}},"6":{"start":{"line":14,"column":8},"end":{"line":14,"column":26}},"7":{"start":{"line":16,"column":8},"end":{"line":16,"column":55}},"8":{"start":{"line":19,"column":4},"end":{"line":19,"column":19}},"9":{"start":{"line":22,"column":2},"end":{"line":52,"column":4}},"10":{"start":{"line":25,"column":55},"end":{"line":25,"column":72}},"11":{"start":{"line":42,"column":12},"end":{"line":47,"column":17}}},"fnMap":{"0":{"name":"LogsPage","decl":{"start":{"line":6,"column":9},"end":{"line":6,"column":17}},"loc":{"start":{"line":6,"column":20},"end":{"line":53,"column":1}},"line":6},"1":{"name":"(anonymous_1)","decl":{"start":{"line":10,"column":12},"end":{"line":10,"column":13}},"loc":{"start":{"line":10,"column":18},"end":{"line":20,"column":3}},"line":10},"2":{"name":"(anonymous_2)","decl":{"start":{"line":11,"column":25},"end":{"line":11,"column":26}},"loc":{"start":{"line":11,"column":37},"end":{"line":18,"column":5}},"line":11},"3":{"name":"(anonymous_3)","decl":{"start":{"line":25,"column":49},"end":{"line":25,"column":50}},"loc":{"start":{"line":25,"column":55},"end":{"line":25,"column":72}},"line":25},"4":{"name":"(anonymous_4)","decl":{"start":{"line":41,"column":20},"end":{"line":41,"column":21}},"loc":{"start":{"line":42,"column":12},"end":{"line":47,"column":17}},"line":42}},"branchMap":{"0":{"loc":{"start":{"line":44,"column":19},"end":{"line":44,"column":40}},"type":"binary-expr","locations":[{"start":{"line":44,"column":19},"end":{"line":44,"column":33}},{"start":{"line":44,"column":37},"end":{"line":44,"column":40}}],"line":44},"1":{"loc":{"start":{"line":45,"column":19},"end":{"line":45,"column":39}},"type":"binary-expr","locations":[{"start":{"line":45,"column":19},"end":{"line":45,"column":32}},{"start":{"line":45,"column":36},"end":{"line":45,"column":39}}],"line":45}},"s":{"0":0,"1":0,"2":0,"3":0,"4":0,"5":0,"6":0,"7":0,"8":0,"9":0,"10":0,"11":0},"f":{"0":0,"1":0,"2":0,"3":0,"4":0},"b":{"0":[0,0],"1":[0,0]},"_coverageSchema":"1a1c01bbd47fc00a2c39e90264f33305004495a9","hash":"eef320657c240f887a85d0bb871ced48cf936bb1"}
,"C:\\Users\\Laíza\\camera-management-system\\frontend\\src\\pages\\UsuariosPage.js": {"path":"C:\\Users\\Laíza\\camera-management-system\\frontend\\src\\pages\\UsuariosPage.js","statementMap":{"0":{"start":{"line":6,"column":21},"end":{"line":160,"column":1}},"1":{"start":{"line":7,"column":34},"end":{"line":7,"column":46}},"2":{"start":{"line":8,"column":42},"end":{"line":8,"column":57}},"3":{"start":{"line":9,"column":38},"end":{"line":9,"column":53}},"4":{"start":{"line":10,"column":54},"end":{"line":10,"column":68}},"5":{"start":{"line":11,"column":26},"end":{"line":11,"column":38}},"6":{"start":{"line":12,"column":28},"end":{"line":12,"column":40}},"7":{"start":{"line":13,"column":28},"end":{"line":13,"column":40}},"8":{"start":{"line":14,"column":19},"end":{"line":14,"column":32}},"9":{"start":{"line":16,"column":27},"end":{"line":23,"column":3}},"10":{"start":{"line":17,"column":4},"end":{"line":22,"column":5}},"11":{"start":{"line":18,"column":23},"end":{"line":18,"column":77}},"12":{"start":{"line":19,"column":6},"end":{"line":19,"column":42}},"13":{"start":{"line":21,"column":6},"end":{"line":21,"column":55}},"14":{"start":{"line":25,"column":2},"end":{"line":27,"column":9}},"15":{"start":{"line":26,"column":4},"end":{"line":26,"column":23}},"16":{"start":{"line":29,"column":30},"end":{"line":35,"column":3}},"17":{"start":{"line":30,"column":4},"end":{"line":30,"column":25}},"18":{"start":{"line":31,"column":4},"end":{"line":31,"column":16}},"19":{"start":{"line":32,"column":4},"end":{"line":32,"column":17}},"20":{"start":{"line":33,"column":4},"end":{"line":33,"column":17}},"21":{"start":{"line":34,"column":4},"end":{"line":34,"column":26}},"22":{"start":{"line":37,"column":27},"end":{"line":44,"column":3}},"23":{"start":{"line":38,"column":4},"end":{"line":38,"column":24}},"24":{"start":{"line":39,"column":4},"end":{"line":39,"column":35}},"25":{"start":{"line":40,"column":4},"end":{"line":40,"column":26}},"26":{"start":{"line":41,"column":4},"end":{"line":41,"column":28}},"27":{"start":{"line":42,"column":4},"end":{"line":42,"column":17}},"28":{"start":{"line":43,"column":4},"end":{"line":43,"column":26}},"29":{"start":{"line":46,"column":23},"end":{"line":73,"column":3}},"30":{"start":{"line":47,"column":4},"end":{"line":72,"column":5}},"31":{"start":{"line":48,"column":6},"end":{"line":62,"column":7}},"32":{"start":{"line":49,"column":8},"end":{"line":53,"column":11}},"33":{"start":{"line":55,"column":25},"end":{"line":55,"column":56}},"34":{"start":{"line":56,"column":8},"end":{"line":61,"column":11}},"35":{"start":{"line":64,"column":6},"end":{"line":64,"column":29}},"36":{"start":{"line":65,"column":6},"end":{"line":65,"column":18}},"37":{"start":{"line":66,"column":6},"end":{"line":66,"column":19}},"38":{"start":{"line":67,"column":6},"end":{"line":67,"column":19}},"39":{"start":{"line":68,"column":6},"end":{"line":68,"column":34}},"40":{"start":{"line":69,"column":6},"end":{"line":69,"column":25}},"41":{"start":{"line":71,"column":6},"end":{"line":71,"column":54}},"42":{"start":{"line":75,"column":24},"end":{"line":88,"column":3}},"43":{"start":{"line":76,"column":21},"end":{"line":76,"column":52}},"44":{"start":{"line":77,"column":4},"end":{"line":87,"column":5}},"45":{"start":{"line":78,"column":6},"end":{"line":86,"column":7}},"46":{"start":{"line":79,"column":8},"end":{"line":82,"column":11}},"47":{"start":{"line":83,"column":8},"end":{"line":83,"column":27}},"48":{"start":{"line":85,"column":8},"end":{"line":85,"column":57}},"49":{"start":{"line":90,"column":2},"end":{"line":159,"column":4}},"50":{"start":{"line":93,"column":55},"end":{"line":93,"column":72}},"51":{"start":{"line":105,"column":31},"end":{"line":105,"column":54}},"52":{"start":{"line":111,"column":31},"end":{"line":111,"column":55}},"53":{"start":{"line":117,"column":31},"end":{"line":117,"column":55}},"54":{"start":{"line":121,"column":37},"end":{"line":121,"column":59}},"55":{"start":{"line":145,"column":12},"end":{"line":154,"column":17}},"56":{"start":{"line":151,"column":68},"end":{"line":151,"column":93}},"57":{"start":{"line":152,"column":70},"end":{"line":152,"column":95}}},"fnMap":{"0":{"name":"(anonymous_0)","decl":{"start":{"line":6,"column":21},"end":{"line":6,"column":22}},"loc":{"start":{"line":6,"column":27},"end":{"line":160,"column":1}},"line":6},"1":{"name":"(anonymous_1)","decl":{"start":{"line":16,"column":27},"end":{"line":16,"column":28}},"loc":{"start":{"line":16,"column":39},"end":{"line":23,"column":3}},"line":16},"2":{"name":"(anonymous_2)","decl":{"start":{"line":25,"column":12},"end":{"line":25,"column":13}},"loc":{"start":{"line":25,"column":18},"end":{"line":27,"column":3}},"line":25},"3":{"name":"(anonymous_3)","decl":{"start":{"line":29,"column":30},"end":{"line":29,"column":31}},"loc":{"start":{"line":29,"column":36},"end":{"line":35,"column":3}},"line":29},"4":{"name":"(anonymous_4)","decl":{"start":{"line":37,"column":27},"end":{"line":37,"column":28}},"loc":{"start":{"line":37,"column":40},"end":{"line":44,"column":3}},"line":37},"5":{"name":"(anonymous_5)","decl":{"start":{"line":46,"column":23},"end":{"line":46,"column":24}},"loc":{"start":{"line":46,"column":35},"end":{"line":73,"column":3}},"line":46},"6":{"name":"(anonymous_6)","decl":{"start":{"line":75,"column":24},"end":{"line":75,"column":25}},"loc":{"start":{"line":75,"column":38},"end":{"line":88,"column":3}},"line":75},"7":{"name":"(anonymous_7)","decl":{"start":{"line":93,"column":49},"end":{"line":93,"column":50}},"loc":{"start":{"line":93,"column":55},"end":{"line":93,"column":72}},"line":93},"8":{"name":"(anonymous_8)","decl":{"start":{"line":105,"column":24},"end":{"line":105,"column":25}},"loc":{"start":{"line":105,"column":31},"end":{"line":105,"column":54}},"line":105},"9":{"name":"(anonymous_9)","decl":{"start":{"line":111,"column":24},"end":{"line":111,"column":25}},"loc":{"start":{"line":111,"column":31},"end":{"line":111,"column":55}},"line":111},"10":{"name":"(anonymous_10)","decl":{"start":{"line":117,"column":24},"end":{"line":117,"column":25}},"loc":{"start":{"line":117,"column":31},"end":{"line":117,"column":55}},"line":117},"11":{"name":"(anonymous_11)","decl":{"start":{"line":121,"column":31},"end":{"line":121,"column":32}},"loc":{"start":{"line":121,"column":37},"end":{"line":121,"column":59}},"line":121},"12":{"name":"(anonymous_12)","decl":{"start":{"line":144,"column":24},"end":{"line":144,"column":25}},"loc":{"start":{"line":145,"column":12},"end":{"line":154,"column":17}},"line":145},"13":{"name":"(anonymous_13)","decl":{"start":{"line":151,"column":62},"end":{"line":151,"column":63}},"loc":{"start":{"line":151,"column":68},"end":{"line":151,"column":93}},"line":151},"14":{"name":"(anonymous_14)","decl":{"start":{"line":152,"column":64},"end":{"line":152,"column":65}},"loc":{"start":{"line":152,"column":70},"end":{"line":152,"column":95}},"line":152}},"branchMap":{"0":{"loc":{"start":{"line":48,"column":6},"end":{"line":62,"column":7}},"type":"if","locations":[{"start":{"line":48,"column":6},"end":{"line":62,"column":7}},{"start":{"line":54,"column":13},"end":{"line":62,"column":7}}],"line":48},"1":{"loc":{"start":{"line":48,"column":10},"end":{"line":48,"column":42}},"type":"binary-expr","locations":[{"start":{"line":48,"column":10},"end":{"line":48,"column":20}},{"start":{"line":48,"column":24},"end":{"line":48,"column":42}}],"line":48},"2":{"loc":{"start":{"line":77,"column":4},"end":{"line":87,"column":5}},"type":"if","locations":[{"start":{"line":77,"column":4},"end":{"line":87,"column":5}},{"start":{},"end":{}}],"line":77},"3":{"loc":{"start":{"line":97,"column":7},"end":{"line":125,"column":7}},"type":"binary-expr","locations":[{"start":{"line":97,"column":7},"end":{"line":97,"column":19}},{"start":{"line":98,"column":8},"end":{"line":124,"column":14}}],"line":97},"4":{"loc":{"start":{"line":100,"column":17},"end":{"line":100,"column":63}},"type":"cond-expr","locations":[{"start":{"line":100,"column":30},"end":{"line":100,"column":46}},{"start":{"line":100,"column":49},"end":{"line":100,"column":63}}],"line":100}},"s":{"0":2,"1":3,"2":3,"3":3,"4":3,"5":3,"6":3,"7":3,"8":3,"9":3,"10":2,"11":2,"12":2,"13":0,"14":3,"15":2,"16":3,"17":0,"18":0,"19":0,"20":0,"21":0,"22":3,"23":0,"24":0,"25":0,"26":0,"27":0,"28":0,"29":3,"30":0,"31":0,"32":0,"33":0,"34":0,"35":0,"36":0,"37":0,"38":0,"39":0,"40":0,"41":0,"42":3,"43":0,"44":0,"45":0,"46":0,"47":0,"48":0,"49":3,"50":0,"51":0,"52":0,"53":0,"54":0,"55":2,"56":0,"57":0},"f":{"0":3,"1":2,"2":2,"3":0,"4":0,"5":0,"6":0,"7":0,"8":0,"9":0,"10":0,"11":0,"12":2,"13":0,"14":0},"b":{"0":[0,0],"1":[0,0],"2":[0,0],"3":[3,0],"4":[0,0]},"_coverageSchema":"1a1c01bbd47fc00a2c39e90264f33305004495a9","hash":"59ac651bcf5289f63f5195436a4b2675ea7dd0b7"}
}
